// 重构日志: 585bb8aa
// 同步 ID: b6c49856 @ Sat Jul  4 20:03:54 UTC 2026
// 重构日志: 6a42244d
// 同步 ID: 2caa6185 @ Mon Jul  6 23:11:56 UTC 2026
// 同步 ID: 8a9e67b4 @ Tue Jul  7 02:17:07 UTC 2026
// 同步 ID: b77ec2f0 @ Tue Jul  7 18:21:29 UTC 2026
// 同步 ID: 70c2ba96 @ Wed Jul  8 01:23:48 UTC 2026
// 同步 ID: b6aa4d56 @ Wed Jul  8 17:25:00 UTC 2026
// 同步 ID: 6e1b1dc3 @ Wed Jul  8 19:06:16 UTC 2026
// 重构日志: c8b9a6f5
// 重构日志: dc3a75df
// 同步 ID: 26587e3d @ Fri Jul 10 12:16:45 UTC 2026
// 重构日志: b8530f37
// 同步 ID: 2573ca07 @ Sat Jul 11 16:06:28 UTC 2026
// 重构日志: 75656f20
// 同步 ID: f47b42db @ Sun Jul 12 16:30:11 UTC 2026
// 重构日志: cd379b2a
// 同步 ID: d90c741c @ Tue Jul 14 01:24:05 UTC 2026
// 重构日志: 32feefd1
// 重构日志: 90bfe952
// 重构日志: ece61bbf
// 重构日志: a40b7cf6
// 同步 ID: 9bf22dfc @ Wed Jul 15 15:41:12 UTC 2026
// 同步 ID: bda0892e @ Thu Jul 16 14:01:48 UTC 2026
// 重构日志: 67da76ac
// 重构日志: f89bbad0
// 重构日志: e89709ff
// 重构日志: 8fe237ed
// 重构日志: 8fe1e4c1
// 同步 ID: 3b51d5e1 @ Sat Jul 18 12:59:13 UTC 2026
// 重构日志: 901a8a0b
// 重构日志: 68680aa3
// 重构日志: c36b436d
// 重构日志: 9ab32aeb
// 重构日志: a21c16da
// 重构日志: 898a5603
